(Pdb) combined_df[week_columns]
    Backlog  Week5
0       NaN    NaN
1       NaN    NaN
2       NaN    NaN
3       NaN    NaN
4       NaN    NaN
5       2.0    NaN
6       NaN    NaN
7       NaN    NaN
8       NaN    NaN
9       NaN    NaN
10      NaN    NaN
11      NaN    NaN
12      NaN    NaN
13      NaN    NaN
14      NaN    NaN
15      NaN    NaN
16      NaN    NaN
17      NaN    NaN
18      NaN    NaN
19      NaN    NaN
20      NaN    NaN
21      NaN    NaN
22      NaN    NaN
23      NaN    NaN
24      NaN    NaN
25      NaN    NaN
26      NaN    NaN
27      2.0    NaN
28      NaN    NaN
29      NaN    NaN
30      NaN    NaN
31      NaN    NaN
32      NaN    NaN
33      NaN    NaN
34      NaN    NaN
35      NaN    NaN
36      NaN    NaN
37      NaN    NaN
38      NaN    NaN
39      NaN    NaN
40      NaN    NaN
41      NaN    NaN
42      NaN    NaN
43      NaN    NaN
44      NaN    NaN
45      NaN    NaN
46      NaN    NaN
47      NaN    NaN
48      NaN    NaN
49      NaN    NaN
(Pdb) combined_df['bom_quantity_required']
0     NaN
1     1.0
2     1.0
3     2.0
4     1.0
5     1.0
6     4.0
7     1.0
8     1.0
9     1.0
10    1.0
11    1.0
12    1.0
13    1.0
14    1.0
15    1.0
16    1.0
17    1.0
18    3.0
19    1.0
20    1.0
21    1.0
22    1.0
23    1.0
24    1.0
25    4.0
26    6.0
27    2.0
28    3.0
29    1.0
30    1.0
31    1.0
32    1.0
33    1.0
34    1.0
35    1.0
36    1.0
37    1.0
38    1.0
39    1.0
40    1.0
41    1.0
42    1.0
43    1.0
44    1.0
45    1.0
46    1.0
47    1.0
48    1.0
49    NaN
Name: bom_quantity_required, dtype: float64
(Pdb) type(combined_df['bom_quantity_required'])
<class 'pandas.core.series.Series'>